c:\users\aita\source\repos\aruco-detector-git\x64\release\aruco+matrix.ipdb
c:\users\aita\source\repos\aruco-detector-git\x64\release\aruco+matrix.iobj
c:\users\aita\source\repos\aruco-mv\x64\release\aruco+matrix.ipdb
c:\users\aita\source\repos\aruco-mv\x64\release\aruco+matrix.iobj
c:\users\aita\source\repos\aruco-detector-git\aruco+matrix\x64\release\vc141.pdb
c:\users\aita\source\repos\aruco-detector-git\aruco+matrix\x64\release\udp_server.obj
c:\users\aita\source\repos\aruco-detector-git\aruco+matrix\x64\release\program.obj
c:\users\aita\source\repos\aruco-detector-git\aruco+matrix\x64\release\parameters.obj
c:\users\aita\source\repos\aruco-detector-git\aruco+matrix\x64\release\matrixvisiondevice.obj
c:\users\aita\source\repos\aruco-detector-git\aruco+matrix\x64\release\camcalib.obj
c:\users\aita\source\repos\aruco-detector-git\aruco+matrix\x64\release\tinyxml2.obj
c:\users\aita\source\repos\aruco-detector-git\aruco+matrix\x64\release\zmaxheap.obj
c:\users\aita\source\repos\aruco-detector-git\aruco+matrix\x64\release\dictionary.obj
c:\users\aita\source\repos\aruco-detector-git\aruco+matrix\x64\release\charuco.obj
c:\users\aita\source\repos\aruco-detector-git\aruco+matrix\x64\release\aruco.obj
c:\users\aita\source\repos\aruco-detector-git\aruco+matrix\x64\release\apriltag_quad_thresh.obj
c:\users\aita\source\repos\aruco-detector-git\aruco+matrix\x64\release\writefiles.obj
c:\users\aita\source\repos\aruco-mv\aruco+matrix\x64\release\vc141.pdb
c:\users\aita\source\repos\aruco-mv\aruco+matrix\x64\release\writefiles.obj
c:\users\aita\source\repos\aruco-mv\aruco+matrix\x64\release\udp_server.obj
c:\users\aita\source\repos\aruco-mv\aruco+matrix\x64\release\tinyxml2.obj
c:\users\aita\source\repos\aruco-mv\aruco+matrix\x64\release\program.obj
c:\users\aita\source\repos\aruco-mv\aruco+matrix\x64\release\parameters.obj
c:\users\aita\source\repos\aruco-mv\aruco+matrix\x64\release\matrixvisiondevice.obj
c:\users\aita\source\repos\aruco-mv\aruco+matrix\x64\release\camcalib.obj
c:\users\aita\source\repos\aruco-detector-git\x64\release\aruco+matrix.exe
c:\users\aita\source\repos\aruco-detector-git\x64\release\aruco+matrix.pdb
c:\users\aita\source\repos\aruco-mv\x64\release\aruco+matrix.exe
c:\users\aita\source\repos\aruco-mv\x64\release\aruco+matrix.pdb
c:\users\aita\source\repos\aruco-mv\aruco+matrix\x64\release\apriltag_quad_thresh.obj
c:\users\aita\source\repos\aruco-mv\aruco+matrix\x64\release\aruco.obj
c:\users\aita\source\repos\aruco-mv\aruco+matrix\x64\release\charuco.obj
c:\users\aita\source\repos\aruco-mv\aruco+matrix\x64\release\dictionary.obj
c:\users\aita\source\repos\aruco-mv\aruco+matrix\x64\release\zmaxheap.obj
c:\users\aita\source\repos\aruco-mv\aruco+matrix\x64\release\aruco+matrix.tlog\aruco+matrix.write.1u.tlog
c:\users\aita\source\repos\aruco-mv\aruco+matrix\x64\release\aruco+matrix.tlog\cl.command.1.tlog
c:\users\aita\source\repos\aruco-mv\aruco+matrix\x64\release\aruco+matrix.tlog\cl.read.1.tlog
c:\users\aita\source\repos\aruco-mv\aruco+matrix\x64\release\aruco+matrix.tlog\cl.write.1.tlog
c:\users\aita\source\repos\aruco-mv\aruco+matrix\x64\release\aruco+matrix.tlog\link.command.1.tlog
c:\users\aita\source\repos\aruco-mv\aruco+matrix\x64\release\aruco+matrix.tlog\link.read.1.tlog
c:\users\aita\source\repos\aruco-mv\aruco+matrix\x64\release\aruco+matrix.tlog\link.write.1.tlog
