c:\users\aita\source\repos\aruco_detector\mvdevice_capture\x64\debug\vc142.pdb
c:\users\aita\source\repos\aruco_detector\mvdevice_capture\x64\debug\vc142.idb
c:\users\aita\source\repos\aruco_detector\mvdevice_capture\x64\debug\source.obj
c:\users\aita\source\repos\aruco_detector\mvdevice_capture\x64\debug\mv_device.obj
c:\users\aita\source\repos\aruco_detector\x64\debug\mvdevice_capture.lib
c:\users\aita\source\repos\aruco_detector\x64\debug\mvdevice_capture.exe
c:\users\aita\source\repos\aruco_detector\x64\debug\mvdevice_capture.ilk
c:\users\aita\source\repos\aruco_detector\x64\debug\mvdevice_capture.pdb
c:\users\aita\source\repos\aruco_detector\mvdevice_capture\x64\debug\mvdevice_capture.idb
c:\users\aita\source\repos\aruco_detector\mvdevice_capture\x64\debug\mvdevice_capture.tlog\cl.command.1.tlog
c:\users\aita\source\repos\aruco_detector\mvdevice_capture\x64\debug\mvdevice_capture.tlog\cl.read.1.tlog
c:\users\aita\source\repos\aruco_detector\mvdevice_capture\x64\debug\mvdevice_capture.tlog\cl.write.1.tlog
c:\users\aita\source\repos\aruco_detector\mvdevice_capture\x64\debug\mvdevice_capture.tlog\lib-link.read.1.tlog
c:\users\aita\source\repos\aruco_detector\mvdevice_capture\x64\debug\mvdevice_capture.tlog\lib-link.write.1.tlog
c:\users\aita\source\repos\aruco_detector\mvdevice_capture\x64\debug\mvdevice_capture.tlog\lib.command.1.tlog
c:\users\aita\source\repos\aruco_detector\mvdevice_capture\x64\debug\mvdevice_capture.tlog\link.17976.delete.1.tlog
c:\users\aita\source\repos\aruco_detector\mvdevice_capture\x64\debug\mvdevice_capture.tlog\link.19044.delete.1.tlog
c:\users\aita\source\repos\aruco_detector\mvdevice_capture\x64\debug\mvdevice_capture.tlog\link.20788.delete.1.tlog
c:\users\aita\source\repos\aruco_detector\mvdevice_capture\x64\debug\mvdevice_capture.tlog\link.21508.delete.1.tlog
c:\users\aita\source\repos\aruco_detector\mvdevice_capture\x64\debug\mvdevice_capture.tlog\link.22064.delete.1.tlog
c:\users\aita\source\repos\aruco_detector\mvdevice_capture\x64\debug\mvdevice_capture.tlog\link.22536.delete.1.tlog
c:\users\aita\source\repos\aruco_detector\mvdevice_capture\x64\debug\mvdevice_capture.tlog\link.23016.delete.1.tlog
c:\users\aita\source\repos\aruco_detector\mvdevice_capture\x64\debug\mvdevice_capture.tlog\link.256.delete.1.tlog
c:\users\aita\source\repos\aruco_detector\mvdevice_capture\x64\debug\mvdevice_capture.tlog\link.command.1.tlog
c:\users\aita\source\repos\aruco_detector\mvdevice_capture\x64\debug\mvdevice_capture.tlog\link.read.1.tlog
c:\users\aita\source\repos\aruco_detector\mvdevice_capture\x64\debug\mvdevice_capture.tlog\link.write.1.tlog
c:\users\aita\source\repos\aruco_detector\mvdevice_capture\x64\debug\mvdevice_capture.tlog\mvdevice_capture.write.1u.tlog
